\BOOKMARK [0][-]{chapter*.9}{Abbildungsverzeichnis}{}% 1
\BOOKMARK [0][-]{chapter*.10}{Tabellenverzeichnis}{}% 2
\BOOKMARK [0][-]{chapter*.11}{Quelltexte}{}% 3
\BOOKMARK [0][-]{chapter.1}{Einleitung}{}% 4
\BOOKMARK [0][-]{chapter.2}{Projektmanagement}{}% 5
\BOOKMARK [1][-]{section.2.1}{Metainformationen}{chapter.2}% 6
\BOOKMARK [2][-]{subsection.2.1.1}{Team}{section.2.1}% 7
\BOOKMARK [2][-]{subsection.2.1.2}{Betreuer}{section.2.1}% 8
\BOOKMARK [2][-]{subsection.2.1.3}{Partner}{section.2.1}% 9
\BOOKMARK [2][-]{subsection.2.1.4}{Ansprechpartner}{section.2.1}% 10
\BOOKMARK [1][-]{section.2.2}{Vorerhebungen}{chapter.2}% 11
\BOOKMARK [2][-]{subsection.2.2.1}{Projektzieleplan}{section.2.2}% 12
\BOOKMARK [2][-]{subsection.2.2.2}{Projektumfeld}{section.2.2}% 13
\BOOKMARK [2][-]{subsection.2.2.3}{Risikoanalyse}{section.2.2}% 14
\BOOKMARK [1][-]{section.2.3}{Pflichtenheft}{chapter.2}% 15
\BOOKMARK [2][-]{subsection.2.3.1}{Zielbestimmung}{section.2.3}% 16
\BOOKMARK [2][-]{subsection.2.3.2}{Produkteinsatz und Umgebung}{section.2.3}% 17
\BOOKMARK [2][-]{subsection.2.3.3}{Funktionalit\344ten}{section.2.3}% 18
\BOOKMARK [2][-]{subsection.2.3.4}{Testszenarien und Testf\344lle}{section.2.3}% 19
\BOOKMARK [1][-]{section.2.4}{Planung}{chapter.2}% 20
\BOOKMARK [2][-]{subsection.2.4.1}{Projektstrukturplan}{section.2.4}% 21
\BOOKMARK [2][-]{subsection.2.4.2}{Meilensteine}{section.2.4}% 22
\BOOKMARK [2][-]{subsection.2.4.3}{Gant-Chart}{section.2.4}% 23
\BOOKMARK [2][-]{subsection.2.4.4}{Pl\344ne zur Evaluierung}{section.2.4}% 24
\BOOKMARK [2][-]{subsection.2.4.5}{Erg\344nzungen und zu kl\344rende Punkte}{section.2.4}% 25
\BOOKMARK [0][-]{chapter.3}{Vorstellung des Produktes}{}% 26
\BOOKMARK [1][-]{section.3.1}{Produktbeschreibung}{chapter.3}% 27
\BOOKMARK [0][-]{chapter.4}{Eingesetzte Technologien}{}% 28
\BOOKMARK [1][-]{section.4.1}{Engine}{chapter.4}% 29
\BOOKMARK [2][-]{subsection.4.1.1}{Spiel-Engine}{section.4.1}% 30
\BOOKMARK [2][-]{subsection.4.1.2}{Unity-Engine}{section.4.1}% 31
\BOOKMARK [1][-]{section.4.2}{Entwicklungsumgebung}{chapter.4}% 32
\BOOKMARK [2][-]{subsection.4.2.1}{Unity-Editor}{section.4.2}% 33
\BOOKMARK [2][-]{subsection.4.2.2}{Visual Studio}{section.4.2}% 34
\BOOKMARK [1][-]{section.4.3}{C\043}{chapter.4}% 35
\BOOKMARK [1][-]{section.4.4}{Dokumentation}{chapter.4}% 36
\BOOKMARK [0][-]{chapter.5}{Problemanalyse}{}% 37
\BOOKMARK [1][-]{section.5.1}{USE-Case-Analyse}{chapter.5}% 38
\BOOKMARK [1][-]{section.5.2}{Domain-Class-Modelling}{chapter.5}% 39
\BOOKMARK [1][-]{section.5.3}{User-Interface-Design}{chapter.5}% 40
\BOOKMARK [0][-]{chapter.6}{Systementwurf}{}% 41
\BOOKMARK [1][-]{section.6.1}{Architektur}{chapter.6}% 42
\BOOKMARK [2][-]{subsection.6.1.1}{Design der Komponenten}{section.6.1}% 43
\BOOKMARK [2][-]{subsection.6.1.2}{Benutzerschnittstellen}{section.6.1}% 44
\BOOKMARK [2][-]{subsection.6.1.3}{Datenhaltunskonzept}{section.6.1}% 45
\BOOKMARK [2][-]{subsection.6.1.4}{Konzept f\374r Ausnahmebehandlung}{section.6.1}% 46
\BOOKMARK [2][-]{subsection.6.1.5}{Sicherheitskonzept}{section.6.1}% 47
\BOOKMARK [2][-]{subsection.6.1.6}{Design der Testumgebung}{section.6.1}% 48
\BOOKMARK [2][-]{subsection.6.1.7}{Desing der Ausf\374hrungsumgebung}{section.6.1}% 49
\BOOKMARK [1][-]{section.6.2}{Detailentwurf}{chapter.6}% 50
\BOOKMARK [0][-]{chapter.7}{Implementierung}{}% 51
\BOOKMARK [1][-]{section.7.1}{GUI}{chapter.7}% 52
\BOOKMARK [1][-]{section.7.2}{Leveldesign}{chapter.7}% 53
\BOOKMARK [0][-]{chapter.8}{Tests}{}% 54
\BOOKMARK [1][-]{section.8.1}{Systemtests}{chapter.8}% 55
\BOOKMARK [2][-]{subsection.8.1.1}{Einf\374hrung}{section.8.1}% 56
\BOOKMARK [2][-]{subsection.8.1.2}{Testf\344lle}{section.8.1}% 57
\BOOKMARK [1][-]{section.8.2}{Akzeptanztests}{chapter.8}% 58
\BOOKMARK [0][-]{chapter.9}{Projektevaluation}{}% 59
\BOOKMARK [1][-]{section.9.1}{Arbeitsaufwand}{chapter.9}% 60
\BOOKMARK [1][-]{section.9.2}{Zusammenarbeit}{chapter.9}% 61
\BOOKMARK [1][-]{section.9.3}{Zeitmanagement}{chapter.9}% 62
\BOOKMARK [1][-]{section.9.4}{Produktevaluierung}{chapter.9}% 63
\BOOKMARK [1][-]{section.9.5}{Kosten}{chapter.9}% 64
\BOOKMARK [1][-]{section.9.6}{Erfahrungen}{chapter.9}% 65
\BOOKMARK [1][-]{section.9.7}{Fazit}{chapter.9}% 66
\BOOKMARK [0][-]{chapter.10}{Zusammenfassung}{}% 67
\BOOKMARK [1][-]{section.10.1}{Res\374mee}{chapter.10}% 68
\BOOKMARK [2][-]{subsection.10.1.1}{Res\374mee \(Leitner Michael\)}{section.10.1}% 69
\BOOKMARK [2][-]{subsection.10.1.2}{Res\374mee \(Vogel Lukas\)}{section.10.1}% 70
\BOOKMARK [0][-]{chapter.11}{Beispielkapitel}{}% 71
\BOOKMARK [1][-]{section.11.1}{Beispiele zitieren}{chapter.11}% 72
\BOOKMARK [2][-]{subsection.11.1.1}{Beispiele Abbildungen}{section.11.1}% 73
\BOOKMARK [1][-]{section.11.2}{Beispiele Listen}{chapter.11}% 74
\BOOKMARK [1][-]{section.11.3}{Beispiel Codesequenz}{chapter.11}% 75
\BOOKMARK [2][-]{subsection.11.3.1}{Quicksort in JAVA}{section.11.3}% 76
\BOOKMARK [1][-]{section.11.4}{Beispieltext}{chapter.11}% 77
\BOOKMARK [0][-]{chapter*.38}{Literaturverzeichnis}{}% 78
\BOOKMARK [0][-]{appendix.A}{Anhang-Kapitel}{}% 79
\BOOKMARK [1][-]{section.A.1}{Anhang-Section}{appendix.A}% 80
