\BOOKMARK [0][-]{chapter*.9}{Abbildungsverzeichnis}{}% 1
\BOOKMARK [0][-]{chapter*.10}{Tabellenverzeichnis}{}% 2
\BOOKMARK [0][-]{chapter*.11}{Quelltexte}{}% 3
\BOOKMARK [0][-]{chapter.1}{Einleitung}{}% 4
\BOOKMARK [0][-]{chapter.2}{Projektmanagement}{}% 5
\BOOKMARK [1][-]{section.2.1}{Metainformationen}{chapter.2}% 6
\BOOKMARK [2][-]{subsection.2.1.1}{Team}{section.2.1}% 7
\BOOKMARK [2][-]{subsection.2.1.2}{Betreuer}{section.2.1}% 8
\BOOKMARK [2][-]{subsection.2.1.3}{Partner}{section.2.1}% 9
\BOOKMARK [2][-]{subsection.2.1.4}{Ansprechpartner}{section.2.1}% 10
\BOOKMARK [1][-]{section.2.2}{Vorerhebungen}{chapter.2}% 11
\BOOKMARK [2][-]{subsection.2.2.1}{Projektzieleplan}{section.2.2}% 12
\BOOKMARK [2][-]{subsection.2.2.2}{Projektumfeld}{section.2.2}% 13
\BOOKMARK [2][-]{subsection.2.2.3}{Risikoanalyse}{section.2.2}% 14
\BOOKMARK [1][-]{section.2.3}{Pflichtenheft}{chapter.2}% 15
\BOOKMARK [2][-]{subsection.2.3.1}{Zielbestimmung}{section.2.3}% 16
\BOOKMARK [2][-]{subsection.2.3.2}{Produkteinsatz und Umgebung}{section.2.3}% 17
\BOOKMARK [2][-]{subsection.2.3.3}{Funktionalit\344ten}{section.2.3}% 18
\BOOKMARK [1][-]{section.2.4}{Planung}{chapter.2}% 19
\BOOKMARK [2][-]{subsection.2.4.1}{Projektstrukturplan}{section.2.4}% 20
\BOOKMARK [2][-]{subsection.2.4.2}{Meilensteine}{section.2.4}% 21
\BOOKMARK [2][-]{subsection.2.4.3}{Gantt-Chart}{section.2.4}% 22
\BOOKMARK [0][-]{chapter.3}{Vorstellung des Produktes}{}% 23
\BOOKMARK [1][-]{section.3.1}{Produktbeschreibung}{chapter.3}% 24
\BOOKMARK [0][-]{chapter.4}{Eingesetzte Technologien}{}% 25
\BOOKMARK [1][-]{section.4.1}{Engine}{chapter.4}% 26
\BOOKMARK [2][-]{subsection.4.1.1}{Spiel-Engine}{section.4.1}% 27
\BOOKMARK [2][-]{subsection.4.1.2}{Unity-Engine}{section.4.1}% 28
\BOOKMARK [1][-]{section.4.2}{Entwicklungsumgebung}{chapter.4}% 29
\BOOKMARK [2][-]{subsection.4.2.1}{Unity-Editor}{section.4.2}% 30
\BOOKMARK [2][-]{subsection.4.2.2}{Visual Studio}{section.4.2}% 31
\BOOKMARK [1][-]{section.4.3}{C\043}{chapter.4}% 32
\BOOKMARK [1][-]{section.4.4}{Dokumentation}{chapter.4}% 33
\BOOKMARK [0][-]{chapter.5}{Problemanalyse}{}% 34
\BOOKMARK [1][-]{section.5.1}{USE-Case-Analyse}{chapter.5}% 35
\BOOKMARK [2][-]{subsection.5.1.1}{Anwendungsfall: Level starten}{section.5.1}% 36
\BOOKMARK [2][-]{subsection.5.1.2}{Anwendungsfall: Spielen}{section.5.1}% 37
\BOOKMARK [1][-]{section.5.2}{User-Interface-Design}{chapter.5}% 38
\BOOKMARK [0][-]{chapter.6}{Systementwurf}{}% 39
\BOOKMARK [1][-]{section.6.1}{Architektur}{chapter.6}% 40
\BOOKMARK [0][-]{chapter.7}{Implementierung}{}% 41
\BOOKMARK [1][-]{section.7.1}{Unity-Klassenstruktur}{chapter.7}% 42
\BOOKMARK [2][-]{subsection.7.1.1}{MonoBehaviour}{section.7.1}% 43
\BOOKMARK [2][-]{subsection.7.1.2}{Weitere bereitgestellten Funktionen}{section.7.1}% 44
\BOOKMARK [1][-]{section.7.2}{GUI}{chapter.7}% 45
\BOOKMARK [2][-]{subsection.7.2.1}{Hauptmen\374}{section.7.2}% 46
\BOOKMARK [2][-]{subsection.7.2.2}{Level-Men\374}{section.7.2}% 47
\BOOKMARK [2][-]{subsection.7.2.3}{Pause-Men\374}{section.7.2}% 48
\BOOKMARK [1][-]{section.7.3}{Leveldesign}{chapter.7}% 49
\BOOKMARK [2][-]{subsection.7.3.1}{Player}{section.7.3}% 50
\BOOKMARK [2][-]{subsection.7.3.2}{Directional light}{section.7.3}% 51
\BOOKMARK [2][-]{subsection.7.3.3}{Main Camera}{section.7.3}% 52
\BOOKMARK [2][-]{subsection.7.3.4}{LevelObjects}{section.7.3}% 53
\BOOKMARK [2][-]{subsection.7.3.5}{Falldetector}{section.7.3}% 54
\BOOKMARK [1][-]{section.7.4}{Spieler}{chapter.7}% 55
\BOOKMARK [2][-]{subsection.7.4.1}{PlayerController}{section.7.4}% 56
\BOOKMARK [1][-]{section.7.5}{Kameraf\374hrung}{chapter.7}% 57
\BOOKMARK [1][-]{section.7.6}{Schalter und T\374ren}{chapter.7}% 58
\BOOKMARK [1][-]{section.7.7}{Time Rift}{chapter.7}% 59
\BOOKMARK [0][-]{chapter.8}{Tests}{}% 60
\BOOKMARK [1][-]{section.8.1}{Systemtests}{chapter.8}% 61
\BOOKMARK [2][-]{subsection.8.1.1}{Einf\374hrung}{section.8.1}% 62
\BOOKMARK [2][-]{subsection.8.1.2}{Testf\344lle}{section.8.1}% 63
\BOOKMARK [0][-]{chapter.9}{Projektevaluation}{}% 64
\BOOKMARK [1][-]{section.9.1}{Arbeitsaufwand}{chapter.9}% 65
\BOOKMARK [1][-]{section.9.2}{Zusammenarbeit}{chapter.9}% 66
\BOOKMARK [1][-]{section.9.3}{Zeitmanagement}{chapter.9}% 67
\BOOKMARK [1][-]{section.9.4}{Produktevaluierung}{chapter.9}% 68
\BOOKMARK [1][-]{section.9.5}{Kosten}{chapter.9}% 69
\BOOKMARK [1][-]{section.9.6}{Erfahrungen}{chapter.9}% 70
\BOOKMARK [1][-]{section.9.7}{Fazit}{chapter.9}% 71
\BOOKMARK [0][-]{chapter.10}{Zusammenfassung}{}% 72
\BOOKMARK [1][-]{section.10.1}{Res\374mee}{chapter.10}% 73
\BOOKMARK [2][-]{subsection.10.1.1}{Res\374mee \(Leitner Michael\)}{section.10.1}% 74
\BOOKMARK [2][-]{subsection.10.1.2}{Res\374mee \(Vogel Lukas\)}{section.10.1}% 75
\BOOKMARK [0][-]{chapter*.66}{Literaturverzeichnis}{}% 76
